<?xml version="1.0" encoding="UTF-8"?>
<testsuite xmlns:xsi="http://www.w3.org/2001/XMLSchema-instance" xsi:noNamespaceSchemaLocation="https://maven.apache.org/surefire/maven-surefire-plugin/xsd/surefire-test-report-3.0.xsd" version="3.0" name="testRunners.TestRun" time="86.673" tests="4" errors="0" skipped="0" failures="0">
  <properties>
    <property name="java.specification.version" value="17"/>
    <property name="sun.cpu.isalist" value="amd64"/>
    <property name="sun.jnu.encoding" value="Cp1252"/>
    <property name="java.class.path" value="D:\Workspace_Cucumber_with_Selenium\OpenCartV02_Automation\target\test-classes;D:\Workspace_Cucumber_with_Selenium\OpenCartV02_Automation\target\classes;C:\Users\skg03\.m2\repository\io\cucumber\cucumber-core\7.23.0\cucumber-core-7.23.0.jar;C:\Users\skg03\.m2\repository\io\cucumber\cucumber-gherkin\7.23.0\cucumber-gherkin-7.23.0.jar;C:\Users\skg03\.m2\repository\io\cucumber\cucumber-gherkin-messages\7.23.0\cucumber-gherkin-messages-7.23.0.jar;C:\Users\skg03\.m2\repository\io\cucumber\messages\27.2.0\messages-27.2.0.jar;C:\Users\skg03\.m2\repository\io\cucumber\testng-xml-formatter\0.3.1\testng-xml-formatter-0.3.1.jar;C:\Users\skg03\.m2\repository\io\cucumber\query\13.3.0\query-13.3.0.jar;C:\Users\skg03\.m2\repository\io\cucumber\tag-expressions\6.1.2\tag-expressions-6.1.2.jar;C:\Users\skg03\.m2\repository\io\cucumber\cucumber-expressions\18.0.1\cucumber-expressions-18.0.1.jar;C:\Users\skg03\.m2\repository\io\cucumber\datatable\7.23.0\datatable-7.23.0.jar;C:\Users\skg03\.m2\repository\io\cucumber\cucumber-plugin\7.23.0\cucumber-plugin-7.23.0.jar;C:\Users\skg03\.m2\repository\io\cucumber\docstring\7.23.0\docstring-7.23.0.jar;C:\Users\skg03\.m2\repository\io\cucumber\html-formatter\21.10.1\html-formatter-21.10.1.jar;C:\Users\skg03\.m2\repository\io\cucumber\junit-xml-formatter\0.7.1\junit-xml-formatter-0.7.1.jar;C:\Users\skg03\.m2\repository\io\cucumber\ci-environment\10.0.1\ci-environment-10.0.1.jar;C:\Users\skg03\.m2\repository\org\apiguardian\apiguardian-api\1.1.2\apiguardian-api-1.1.2.jar;C:\Users\skg03\.m2\repository\io\cucumber\cucumber-html\0.2.7\cucumber-html-0.2.7.jar;C:\Users\skg03\.m2\repository\io\cucumber\cucumber-java\7.23.0\cucumber-java-7.23.0.jar;C:\Users\skg03\.m2\repository\io\cucumber\cucumber-jvm-deps\1.0.6\cucumber-jvm-deps-1.0.6.jar;C:\Users\skg03\.m2\repository\io\cucumber\cucumber-junit\7.23.0\cucumber-junit-7.23.0.jar;C:\Users\skg03\.m2\repository\net\masterthought\cucumber-reporting\5.8.1\cucumber-reporting-5.8.1.jar;C:\Users\skg03\.m2\repository\com\fasterxml\jackson\core\jackson-databind\2.17.0\jackson-databind-2.17.0.jar;C:\Users\skg03\.m2\repository\com\fasterxml\jackson\core\jackson-annotations\2.17.0\jackson-annotations-2.17.0.jar;C:\Users\skg03\.m2\repository\com\fasterxml\jackson\core\jackson-core\2.17.0\jackson-core-2.17.0.jar;C:\Users\skg03\.m2\repository\net\bytebuddy\byte-buddy\1.14.9\byte-buddy-1.14.9.jar;C:\Users\skg03\.m2\repository\com\fasterxml\jackson\datatype\jackson-datatype-jsr310\2.17.0\jackson-datatype-jsr310-2.17.0.jar;C:\Users\skg03\.m2\repository\org\apache\velocity\velocity-engine-core\2.3\velocity-engine-core-2.3.jar;C:\Users\skg03\.m2\repository\joda-time\joda-time\2.12.7\joda-time-2.12.7.jar;C:\Users\skg03\.m2\repository\org\apache\commons\commons-configuration2\2.10.1\commons-configuration2-2.10.1.jar;C:\Users\skg03\.m2\repository\org\apache\commons\commons-lang3\3.14.0\commons-lang3-3.14.0.jar;C:\Users\skg03\.m2\repository\commons-io\commons-io\2.16.1\commons-io-2.16.1.jar;C:\Users\skg03\.m2\repository\org\apache\commons\commons-text\1.11.0\commons-text-1.11.0.jar;C:\Users\skg03\.m2\repository\org\jsoup\jsoup\1.17.2\jsoup-1.17.2.jar;C:\Users\skg03\.m2\repository\com\googlecode\owasp-java-html-sanitizer\owasp-java-html-sanitizer\20220608.1\owasp-java-html-sanitizer-20220608.1.jar;C:\Users\skg03\.m2\repository\com\google\guava\guava\33.1.0-jre\guava-33.1.0-jre.jar;C:\Users\skg03\.m2\repository\com\google\guava\failureaccess\1.0.2\failureaccess-1.0.2.jar;C:\Users\skg03\.m2\repository\com\google\guava\listenablefuture\9999.0-empty-to-avoid-conflict-with-guava\listenablefuture-9999.0-empty-to-avoid-conflict-with-guava.jar;C:\Users\skg03\.m2\repository\com\google\code\findbugs\jsr305\3.0.2\jsr305-3.0.2.jar;C:\Users\skg03\.m2\repository\org\checkerframework\checker-qual\3.42.0\checker-qual-3.42.0.jar;C:\Users\skg03\.m2\repository\com\google\errorprone\error_prone_annotations\2.26.1\error_prone_annotations-2.26.1.jar;C:\Users\skg03\.m2\repository\com\google\j2objc\j2objc-annotations\3.0.0\j2objc-annotations-3.0.0.jar;C:\Users\skg03\.m2\repository\org\slf4j\slf4j-api\2.0.13\slf4j-api-2.0.13.jar;C:\Users\skg03\.m2\repository\org\slf4j\jcl-over-slf4j\2.0.13\jcl-over-slf4j-2.0.13.jar;C:\Users\skg03\.m2\repository\net\sourceforge\cobertura\cobertura\2.1.1\cobertura-2.1.1.jar;C:\Users\skg03\.m2\repository\org\ow2\asm\asm\5.0.1\asm-5.0.1.jar;C:\Users\skg03\.m2\repository\org\ow2\asm\asm-tree\5.0.1\asm-tree-5.0.1.jar;C:\Users\skg03\.m2\repository\org\ow2\asm\asm-commons\5.0.1\asm-commons-5.0.1.jar;C:\Users\skg03\.m2\repository\org\ow2\asm\asm-util\5.0.1\asm-util-5.0.1.jar;C:\Users\skg03\.m2\repository\org\ow2\asm\asm-analysis\5.0.1\asm-analysis-5.0.1.jar;C:\Users\skg03\.m2\repository\oro\oro\2.0.8\oro-2.0.8.jar;C:\Users\skg03\.m2\repository\jaxen\jaxen\1.1.4\jaxen-1.1.4.jar;C:\Users\skg03\.m2\repository\org\apache\ant\ant\1.8.3\ant-1.8.3.jar;C:\Users\skg03\.m2\repository\org\apache\ant\ant-launcher\1.8.3\ant-launcher-1.8.3.jar;C:\Users\skg03\.m2\repository\org\apache\ant\ant-junit\1.8.3\ant-junit-1.8.3.jar;C:\Users\skg03\.m2\repository\org\mortbay\jetty\servlet-api-2.5\6.1.14\servlet-api-2.5-6.1.14.jar;C:\Users\skg03\.m2\repository\org\mortbay\jetty\jetty\6.1.14\jetty-6.1.14.jar;C:\Users\skg03\.m2\repository\org\mortbay\jetty\jetty-util\6.1.14\jetty-util-6.1.14.jar;C:\Users\skg03\.m2\repository\ch\qos\logback\logback-classic\1.0.13\logback-classic-1.0.13.jar;C:\Users\skg03\.m2\repository\ch\qos\logback\logback-core\1.0.13\logback-core-1.0.13.jar;C:\Users\skg03\.m2\repository\io\cucumber\gherkin\32.1.1\gherkin-32.1.1.jar;C:\Users\skg03\.m2\repository\org\hamcrest\hamcrest-core\2.1\hamcrest-core-2.1.jar;C:\Users\skg03\.m2\repository\org\hamcrest\hamcrest\2.1\hamcrest-2.1.jar;C:\Users\skg03\.m2\repository\org\seleniumhq\selenium\selenium-java\4.33.0\selenium-java-4.33.0.jar;C:\Users\skg03\.m2\repository\org\seleniumhq\selenium\selenium-api\4.33.0\selenium-api-4.33.0.jar;C:\Users\skg03\.m2\repository\org\jspecify\jspecify\1.0.0\jspecify-1.0.0.jar;C:\Users\skg03\.m2\repository\org\seleniumhq\selenium\selenium-chrome-driver\4.33.0\selenium-chrome-driver-4.33.0.jar;C:\Users\skg03\.m2\repository\com\google\auto\service\auto-service-annotations\1.1.1\auto-service-annotations-1.1.1.jar;C:\Users\skg03\.m2\repository\org\seleniumhq\selenium\selenium-chromium-driver\4.33.0\selenium-chromium-driver-4.33.0.jar;C:\Users\skg03\.m2\repository\org\seleniumhq\selenium\selenium-json\4.33.0\selenium-json-4.33.0.jar;C:\Users\skg03\.m2\repository\org\seleniumhq\selenium\selenium-manager\4.33.0\selenium-manager-4.33.0.jar;C:\Users\skg03\.m2\repository\org\seleniumhq\selenium\selenium-devtools-v135\4.33.0\selenium-devtools-v135-4.33.0.jar;C:\Users\skg03\.m2\repository\org\seleniumhq\selenium\selenium-devtools-v136\4.33.0\selenium-devtools-v136-4.33.0.jar;C:\Users\skg03\.m2\repository\org\seleniumhq\selenium\selenium-devtools-v137\4.33.0\selenium-devtools-v137-4.33.0.jar;C:\Users\skg03\.m2\repository\org\seleniumhq\selenium\selenium-edge-driver\4.33.0\selenium-edge-driver-4.33.0.jar;C:\Users\skg03\.m2\repository\org\seleniumhq\selenium\selenium-firefox-driver\4.33.0\selenium-firefox-driver-4.33.0.jar;C:\Users\skg03\.m2\repository\org\seleniumhq\selenium\selenium-http\4.33.0\selenium-http-4.33.0.jar;C:\Users\skg03\.m2\repository\org\seleniumhq\selenium\selenium-ie-driver\4.33.0\selenium-ie-driver-4.33.0.jar;C:\Users\skg03\.m2\repository\org\seleniumhq\selenium\selenium-remote-driver\4.33.0\selenium-remote-driver-4.33.0.jar;C:\Users\skg03\.m2\repository\io\opentelemetry\opentelemetry-api\1.50.0\opentelemetry-api-1.50.0.jar;C:\Users\skg03\.m2\repository\io\opentelemetry\opentelemetry-context\1.50.0\opentelemetry-context-1.50.0.jar;C:\Users\skg03\.m2\repository\io\opentelemetry\opentelemetry-exporter-logging\1.50.0\opentelemetry-exporter-logging-1.50.0.jar;C:\Users\skg03\.m2\repository\io\opentelemetry\opentelemetry-sdk-common\1.50.0\opentelemetry-sdk-common-1.50.0.jar;C:\Users\skg03\.m2\repository\io\opentelemetry\opentelemetry-sdk-extension-autoconfigure-spi\1.50.0\opentelemetry-sdk-extension-autoconfigure-spi-1.50.0.jar;C:\Users\skg03\.m2\repository\io\opentelemetry\opentelemetry-sdk-extension-autoconfigure\1.50.0\opentelemetry-sdk-extension-autoconfigure-1.50.0.jar;C:\Users\skg03\.m2\repository\io\opentelemetry\opentelemetry-sdk-trace\1.50.0\opentelemetry-sdk-trace-1.50.0.jar;C:\Users\skg03\.m2\repository\io\opentelemetry\opentelemetry-sdk\1.50.0\opentelemetry-sdk-1.50.0.jar;C:\Users\skg03\.m2\repository\io\opentelemetry\opentelemetry-sdk-metrics\1.50.0\opentelemetry-sdk-metrics-1.50.0.jar;C:\Users\skg03\.m2\repository\io\opentelemetry\opentelemetry-sdk-logs\1.50.0\opentelemetry-sdk-logs-1.50.0.jar;C:\Users\skg03\.m2\repository\org\seleniumhq\selenium\selenium-os\4.33.0\selenium-os-4.33.0.jar;C:\Users\skg03\.m2\repository\org\apache\commons\commons-exec\1.4.0\commons-exec-1.4.0.jar;C:\Users\skg03\.m2\repository\org\seleniumhq\selenium\selenium-safari-driver\4.33.0\selenium-safari-driver-4.33.0.jar;C:\Users\skg03\.m2\repository\org\seleniumhq\selenium\selenium-support\4.33.0\selenium-support-4.33.0.jar;C:\Users\skg03\.m2\repository\junit\junit\4.13.2\junit-4.13.2.jar;C:\Program Files\Java\jdk-17.0.2\lib\tools-1.7.0.jar;C:\Users\skg03\.m2\repository\io\github\bonigarcia\webdrivermanager\3.8.1\webdrivermanager-3.8.1.jar;C:\Users\skg03\.m2\repository\com\google\code\gson\gson\2.8.5\gson-2.8.5.jar;C:\Users\skg03\.m2\repository\org\apache\httpcomponents\httpclient\4.5.6\httpclient-4.5.6.jar;C:\Users\skg03\.m2\repository\org\apache\httpcomponents\httpcore\4.4.10\httpcore-4.4.10.jar;C:\Users\skg03\.m2\repository\commons-logging\commons-logging\1.2\commons-logging-1.2.jar;C:\Users\skg03\.m2\repository\commons-codec\commons-codec\1.10\commons-codec-1.10.jar;C:\Users\skg03\.m2\repository\org\rauschig\jarchivelib\1.0.0\jarchivelib-1.0.0.jar;C:\Users\skg03\.m2\repository\org\apache\commons\commons-compress\1.18\commons-compress-1.18.jar;C:\Users\skg03\.m2\repository\com\github\javafaker\javafaker\1.0.2\javafaker-1.0.2.jar;C:\Users\skg03\.m2\repository\org\yaml\snakeyaml\1.23\snakeyaml-1.23-android.jar;C:\Users\skg03\.m2\repository\com\github\mifmif\generex\1.0.2\generex-1.0.2.jar;C:\Users\skg03\.m2\repository\dk\brics\automaton\automaton\1.11-8\automaton-1.11-8.jar;C:\Users\skg03\.m2\repository\log4j\log4j\1.2.17\log4j-1.2.17.jar;"/>
    <property name="java.vm.vendor" value="Oracle Corporation"/>
    <property name="sun.arch.data.model" value="64"/>
    <property name="user.variant" value=""/>
    <property name="java.vendor.url" value="https://java.oracle.com/"/>
    <property name="user.timezone" value="Asia/Calcutta"/>
    <property name="os.name" value="Windows 10"/>
    <property name="java.vm.specification.version" value="17"/>
    <property name="sun.java.launcher" value="SUN_STANDARD"/>
    <property name="user.country" value="US"/>
    <property name="sun.boot.library.path" value="C:\Program Files\Java\jdk-17.0.2\bin"/>
    <property name="sun.java.command" value="C:\Users\skg03\AppData\Local\Temp\surefire14142367971811674372\surefirebooter-20250619172528518_3.jar C:\Users\skg03\AppData\Local\Temp\surefire14142367971811674372 2025-06-19T17-25-28_260-jvmRun1 surefire-20250619172528518_1tmp surefire_0-20250619172528518_2tmp"/>
    <property name="jdk.debug" value="release"/>
    <property name="surefire.test.class.path" value="D:\Workspace_Cucumber_with_Selenium\OpenCartV02_Automation\target\test-classes;D:\Workspace_Cucumber_with_Selenium\OpenCartV02_Automation\target\classes;C:\Users\skg03\.m2\repository\io\cucumber\cucumber-core\7.23.0\cucumber-core-7.23.0.jar;C:\Users\skg03\.m2\repository\io\cucumber\cucumber-gherkin\7.23.0\cucumber-gherkin-7.23.0.jar;C:\Users\skg03\.m2\repository\io\cucumber\cucumber-gherkin-messages\7.23.0\cucumber-gherkin-messages-7.23.0.jar;C:\Users\skg03\.m2\repository\io\cucumber\messages\27.2.0\messages-27.2.0.jar;C:\Users\skg03\.m2\repository\io\cucumber\testng-xml-formatter\0.3.1\testng-xml-formatter-0.3.1.jar;C:\Users\skg03\.m2\repository\io\cucumber\query\13.3.0\query-13.3.0.jar;C:\Users\skg03\.m2\repository\io\cucumber\tag-expressions\6.1.2\tag-expressions-6.1.2.jar;C:\Users\skg03\.m2\repository\io\cucumber\cucumber-expressions\18.0.1\cucumber-expressions-18.0.1.jar;C:\Users\skg03\.m2\repository\io\cucumber\datatable\7.23.0\datatable-7.23.0.jar;C:\Users\skg03\.m2\repository\io\cucumber\cucumber-plugin\7.23.0\cucumber-plugin-7.23.0.jar;C:\Users\skg03\.m2\repository\io\cucumber\docstring\7.23.0\docstring-7.23.0.jar;C:\Users\skg03\.m2\repository\io\cucumber\html-formatter\21.10.1\html-formatter-21.10.1.jar;C:\Users\skg03\.m2\repository\io\cucumber\junit-xml-formatter\0.7.1\junit-xml-formatter-0.7.1.jar;C:\Users\skg03\.m2\repository\io\cucumber\ci-environment\10.0.1\ci-environment-10.0.1.jar;C:\Users\skg03\.m2\repository\org\apiguardian\apiguardian-api\1.1.2\apiguardian-api-1.1.2.jar;C:\Users\skg03\.m2\repository\io\cucumber\cucumber-html\0.2.7\cucumber-html-0.2.7.jar;C:\Users\skg03\.m2\repository\io\cucumber\cucumber-java\7.23.0\cucumber-java-7.23.0.jar;C:\Users\skg03\.m2\repository\io\cucumber\cucumber-jvm-deps\1.0.6\cucumber-jvm-deps-1.0.6.jar;C:\Users\skg03\.m2\repository\io\cucumber\cucumber-junit\7.23.0\cucumber-junit-7.23.0.jar;C:\Users\skg03\.m2\repository\net\masterthought\cucumber-reporting\5.8.1\cucumber-reporting-5.8.1.jar;C:\Users\skg03\.m2\repository\com\fasterxml\jackson\core\jackson-databind\2.17.0\jackson-databind-2.17.0.jar;C:\Users\skg03\.m2\repository\com\fasterxml\jackson\core\jackson-annotations\2.17.0\jackson-annotations-2.17.0.jar;C:\Users\skg03\.m2\repository\com\fasterxml\jackson\core\jackson-core\2.17.0\jackson-core-2.17.0.jar;C:\Users\skg03\.m2\repository\net\bytebuddy\byte-buddy\1.14.9\byte-buddy-1.14.9.jar;C:\Users\skg03\.m2\repository\com\fasterxml\jackson\datatype\jackson-datatype-jsr310\2.17.0\jackson-datatype-jsr310-2.17.0.jar;C:\Users\skg03\.m2\repository\org\apache\velocity\velocity-engine-core\2.3\velocity-engine-core-2.3.jar;C:\Users\skg03\.m2\repository\joda-time\joda-time\2.12.7\joda-time-2.12.7.jar;C:\Users\skg03\.m2\repository\org\apache\commons\commons-configuration2\2.10.1\commons-configuration2-2.10.1.jar;C:\Users\skg03\.m2\repository\org\apache\commons\commons-lang3\3.14.0\commons-lang3-3.14.0.jar;C:\Users\skg03\.m2\repository\commons-io\commons-io\2.16.1\commons-io-2.16.1.jar;C:\Users\skg03\.m2\repository\org\apache\commons\commons-text\1.11.0\commons-text-1.11.0.jar;C:\Users\skg03\.m2\repository\org\jsoup\jsoup\1.17.2\jsoup-1.17.2.jar;C:\Users\skg03\.m2\repository\com\googlecode\owasp-java-html-sanitizer\owasp-java-html-sanitizer\20220608.1\owasp-java-html-sanitizer-20220608.1.jar;C:\Users\skg03\.m2\repository\com\google\guava\guava\33.1.0-jre\guava-33.1.0-jre.jar;C:\Users\skg03\.m2\repository\com\google\guava\failureaccess\1.0.2\failureaccess-1.0.2.jar;C:\Users\skg03\.m2\repository\com\google\guava\listenablefuture\9999.0-empty-to-avoid-conflict-with-guava\listenablefuture-9999.0-empty-to-avoid-conflict-with-guava.jar;C:\Users\skg03\.m2\repository\com\google\code\findbugs\jsr305\3.0.2\jsr305-3.0.2.jar;C:\Users\skg03\.m2\repository\org\checkerframework\checker-qual\3.42.0\checker-qual-3.42.0.jar;C:\Users\skg03\.m2\repository\com\google\errorprone\error_prone_annotations\2.26.1\error_prone_annotations-2.26.1.jar;C:\Users\skg03\.m2\repository\com\google\j2objc\j2objc-annotations\3.0.0\j2objc-annotations-3.0.0.jar;C:\Users\skg03\.m2\repository\org\slf4j\slf4j-api\2.0.13\slf4j-api-2.0.13.jar;C:\Users\skg03\.m2\repository\org\slf4j\jcl-over-slf4j\2.0.13\jcl-over-slf4j-2.0.13.jar;C:\Users\skg03\.m2\repository\net\sourceforge\cobertura\cobertura\2.1.1\cobertura-2.1.1.jar;C:\Users\skg03\.m2\repository\org\ow2\asm\asm\5.0.1\asm-5.0.1.jar;C:\Users\skg03\.m2\repository\org\ow2\asm\asm-tree\5.0.1\asm-tree-5.0.1.jar;C:\Users\skg03\.m2\repository\org\ow2\asm\asm-commons\5.0.1\asm-commons-5.0.1.jar;C:\Users\skg03\.m2\repository\org\ow2\asm\asm-util\5.0.1\asm-util-5.0.1.jar;C:\Users\skg03\.m2\repository\org\ow2\asm\asm-analysis\5.0.1\asm-analysis-5.0.1.jar;C:\Users\skg03\.m2\repository\oro\oro\2.0.8\oro-2.0.8.jar;C:\Users\skg03\.m2\repository\jaxen\jaxen\1.1.4\jaxen-1.1.4.jar;C:\Users\skg03\.m2\repository\org\apache\ant\ant\1.8.3\ant-1.8.3.jar;C:\Users\skg03\.m2\repository\org\apache\ant\ant-launcher\1.8.3\ant-launcher-1.8.3.jar;C:\Users\skg03\.m2\repository\org\apache\ant\ant-junit\1.8.3\ant-junit-1.8.3.jar;C:\Users\skg03\.m2\repository\org\mortbay\jetty\servlet-api-2.5\6.1.14\servlet-api-2.5-6.1.14.jar;C:\Users\skg03\.m2\repository\org\mortbay\jetty\jetty\6.1.14\jetty-6.1.14.jar;C:\Users\skg03\.m2\repository\org\mortbay\jetty\jetty-util\6.1.14\jetty-util-6.1.14.jar;C:\Users\skg03\.m2\repository\ch\qos\logback\logback-classic\1.0.13\logback-classic-1.0.13.jar;C:\Users\skg03\.m2\repository\ch\qos\logback\logback-core\1.0.13\logback-core-1.0.13.jar;C:\Users\skg03\.m2\repository\io\cucumber\gherkin\32.1.1\gherkin-32.1.1.jar;C:\Users\skg03\.m2\repository\org\hamcrest\hamcrest-core\2.1\hamcrest-core-2.1.jar;C:\Users\skg03\.m2\repository\org\hamcrest\hamcrest\2.1\hamcrest-2.1.jar;C:\Users\skg03\.m2\repository\org\seleniumhq\selenium\selenium-java\4.33.0\selenium-java-4.33.0.jar;C:\Users\skg03\.m2\repository\org\seleniumhq\selenium\selenium-api\4.33.0\selenium-api-4.33.0.jar;C:\Users\skg03\.m2\repository\org\jspecify\jspecify\1.0.0\jspecify-1.0.0.jar;C:\Users\skg03\.m2\repository\org\seleniumhq\selenium\selenium-chrome-driver\4.33.0\selenium-chrome-driver-4.33.0.jar;C:\Users\skg03\.m2\repository\com\google\auto\service\auto-service-annotations\1.1.1\auto-service-annotations-1.1.1.jar;C:\Users\skg03\.m2\repository\org\seleniumhq\selenium\selenium-chromium-driver\4.33.0\selenium-chromium-driver-4.33.0.jar;C:\Users\skg03\.m2\repository\org\seleniumhq\selenium\selenium-json\4.33.0\selenium-json-4.33.0.jar;C:\Users\skg03\.m2\repository\org\seleniumhq\selenium\selenium-manager\4.33.0\selenium-manager-4.33.0.jar;C:\Users\skg03\.m2\repository\org\seleniumhq\selenium\selenium-devtools-v135\4.33.0\selenium-devtools-v135-4.33.0.jar;C:\Users\skg03\.m2\repository\org\seleniumhq\selenium\selenium-devtools-v136\4.33.0\selenium-devtools-v136-4.33.0.jar;C:\Users\skg03\.m2\repository\org\seleniumhq\selenium\selenium-devtools-v137\4.33.0\selenium-devtools-v137-4.33.0.jar;C:\Users\skg03\.m2\repository\org\seleniumhq\selenium\selenium-edge-driver\4.33.0\selenium-edge-driver-4.33.0.jar;C:\Users\skg03\.m2\repository\org\seleniumhq\selenium\selenium-firefox-driver\4.33.0\selenium-firefox-driver-4.33.0.jar;C:\Users\skg03\.m2\repository\org\seleniumhq\selenium\selenium-http\4.33.0\selenium-http-4.33.0.jar;C:\Users\skg03\.m2\repository\org\seleniumhq\selenium\selenium-ie-driver\4.33.0\selenium-ie-driver-4.33.0.jar;C:\Users\skg03\.m2\repository\org\seleniumhq\selenium\selenium-remote-driver\4.33.0\selenium-remote-driver-4.33.0.jar;C:\Users\skg03\.m2\repository\io\opentelemetry\opentelemetry-api\1.50.0\opentelemetry-api-1.50.0.jar;C:\Users\skg03\.m2\repository\io\opentelemetry\opentelemetry-context\1.50.0\opentelemetry-context-1.50.0.jar;C:\Users\skg03\.m2\repository\io\opentelemetry\opentelemetry-exporter-logging\1.50.0\opentelemetry-exporter-logging-1.50.0.jar;C:\Users\skg03\.m2\repository\io\opentelemetry\opentelemetry-sdk-common\1.50.0\opentelemetry-sdk-common-1.50.0.jar;C:\Users\skg03\.m2\repository\io\opentelemetry\opentelemetry-sdk-extension-autoconfigure-spi\1.50.0\opentelemetry-sdk-extension-autoconfigure-spi-1.50.0.jar;C:\Users\skg03\.m2\repository\io\opentelemetry\opentelemetry-sdk-extension-autoconfigure\1.50.0\opentelemetry-sdk-extension-autoconfigure-1.50.0.jar;C:\Users\skg03\.m2\repository\io\opentelemetry\opentelemetry-sdk-trace\1.50.0\opentelemetry-sdk-trace-1.50.0.jar;C:\Users\skg03\.m2\repository\io\opentelemetry\opentelemetry-sdk\1.50.0\opentelemetry-sdk-1.50.0.jar;C:\Users\skg03\.m2\repository\io\opentelemetry\opentelemetry-sdk-metrics\1.50.0\opentelemetry-sdk-metrics-1.50.0.jar;C:\Users\skg03\.m2\repository\io\opentelemetry\opentelemetry-sdk-logs\1.50.0\opentelemetry-sdk-logs-1.50.0.jar;C:\Users\skg03\.m2\repository\org\seleniumhq\selenium\selenium-os\4.33.0\selenium-os-4.33.0.jar;C:\Users\skg03\.m2\repository\org\apache\commons\commons-exec\1.4.0\commons-exec-1.4.0.jar;C:\Users\skg03\.m2\repository\org\seleniumhq\selenium\selenium-safari-driver\4.33.0\selenium-safari-driver-4.33.0.jar;C:\Users\skg03\.m2\repository\org\seleniumhq\selenium\selenium-support\4.33.0\selenium-support-4.33.0.jar;C:\Users\skg03\.m2\repository\junit\junit\4.13.2\junit-4.13.2.jar;C:\Program Files\Java\jdk-17.0.2\lib\tools-1.7.0.jar;C:\Users\skg03\.m2\repository\io\github\bonigarcia\webdrivermanager\3.8.1\webdrivermanager-3.8.1.jar;C:\Users\skg03\.m2\repository\com\google\code\gson\gson\2.8.5\gson-2.8.5.jar;C:\Users\skg03\.m2\repository\org\apache\httpcomponents\httpclient\4.5.6\httpclient-4.5.6.jar;C:\Users\skg03\.m2\repository\org\apache\httpcomponents\httpcore\4.4.10\httpcore-4.4.10.jar;C:\Users\skg03\.m2\repository\commons-logging\commons-logging\1.2\commons-logging-1.2.jar;C:\Users\skg03\.m2\repository\commons-codec\commons-codec\1.10\commons-codec-1.10.jar;C:\Users\skg03\.m2\repository\org\rauschig\jarchivelib\1.0.0\jarchivelib-1.0.0.jar;C:\Users\skg03\.m2\repository\org\apache\commons\commons-compress\1.18\commons-compress-1.18.jar;C:\Users\skg03\.m2\repository\com\github\javafaker\javafaker\1.0.2\javafaker-1.0.2.jar;C:\Users\skg03\.m2\repository\org\yaml\snakeyaml\1.23\snakeyaml-1.23-android.jar;C:\Users\skg03\.m2\repository\com\github\mifmif\generex\1.0.2\generex-1.0.2.jar;C:\Users\skg03\.m2\repository\dk\brics\automaton\automaton\1.11-8\automaton-1.11-8.jar;C:\Users\skg03\.m2\repository\log4j\log4j\1.2.17\log4j-1.2.17.jar;"/>
    <property name="sun.cpu.endian" value="little"/>
    <property name="user.home" value="C:\Users\skg03"/>
    <property name="user.language" value="en"/>
    <property name="java.specification.vendor" value="Oracle Corporation"/>
    <property name="java.version.date" value="2022-01-18"/>
    <property name="java.home" value="C:\Program Files\Java\jdk-17.0.2"/>
    <property name="file.separator" value="\"/>
    <property name="basedir" value="D:\Workspace_Cucumber_with_Selenium\OpenCartV02_Automation"/>
    <property name="java.vm.compressedOopsMode" value="32-bit"/>
    <property name="line.separator" value="&#10;"/>
    <property name="java.vm.specification.vendor" value="Oracle Corporation"/>
    <property name="java.specification.name" value="Java Platform API Specification"/>
    <property name="surefire.real.class.path" value="C:\Users\skg03\AppData\Local\Temp\surefire14142367971811674372\surefirebooter-20250619172528518_3.jar"/>
    <property name="user.script" value=""/>
    <property name="sun.management.compiler" value="HotSpot 64-Bit Tiered Compilers"/>
    <property name="java.runtime.version" value="17.0.2+8-LTS-86"/>
    <property name="user.name" value="skg03"/>
    <property name="path.separator" value=";"/>
    <property name="os.version" value="10.0"/>
    <property name="java.runtime.name" value="Java(TM) SE Runtime Environment"/>
    <property name="file.encoding" value="Cp1252"/>
    <property name="java.vm.name" value="Java HotSpot(TM) 64-Bit Server VM"/>
    <property name="localRepository" value="C:\Users\skg03\.m2\repository"/>
    <property name="java.vendor.url.bug" value="https://bugreport.java.com/bugreport/"/>
    <property name="java.io.tmpdir" value="C:\Users\skg03\AppData\Local\Temp\"/>
    <property name="java.version" value="17.0.2"/>
    <property name="user.dir" value="D:\Workspace_Cucumber_with_Selenium\OpenCartV02_Automation"/>
    <property name="os.arch" value="amd64"/>
    <property name="java.vm.specification.name" value="Java Virtual Machine Specification"/>
    <property name="sun.os.patch.level" value=""/>
    <property name="native.encoding" value="Cp1252"/>
    <property name="java.library.path" value="C:\Program Files\Java\jdk-17.0.2\bin;C:\WINDOWS\Sun\Java\bin;C:\WINDOWS\system32;C:\WINDOWS;C:\Python311\Scripts\;C:\Python311\;C:\Program Files\Common Files\Oracle\Java\javapath;c:\windows\system32;c:\windows;c:\windows\system32\wbem;c:\windows\system32\windowspowershell\v1.0\;c:\windows\system32\openssh\;c:\program files\microsoft sql server\client sdk\odbc\110\tools\binn\;c:\program files (x86)\microsoft sql server\120\tools\binn\;c:\program files\microsoft sql server\120\tools\binn\;c:\program files\microsoft sql server\120\dts\binn\;C:\Users\skg03\AppData\Local\Microsoft\WindowsApps;C:\adb;C:\Program Files (x86)\Windows Kits\8.1\Windows Performance Toolkit\;C:\WINDOWS\system32;C:\WINDOWS;C:\WINDOWS\System32\Wbem;C:\WINDOWS\System32\WindowsPowerShell\v1.0\;C:\WINDOWS\System32\OpenSSH\;C:\Program Files\Microsoft SQL Server\Client SDK\ODBC\130\Tools\Binn\;C:\Program Files (x86)\Microsoft SQL Server\140\Tools\Binn\;C:\Program Files\Microsoft SQL Server\140\Tools\Binn\;C:\Program Files\Microsoft SQL Server\140\DTS\Binn\;C:\Program Files\dotnet\;C:\Program Files\Java\jdk-17.0.2\bin;C:\Program Files\Git\cmd;C:\Program Files\Git\mingw64\bin;C:\Program Files\Git\usr\bin;C:\ProgramData\chocolatey\bin;C:\Program Files\MongoDB\mongosh-1.10.6-win32-x64\bin;C:\Program Files\MongoDB\Server\7.0\bin;C:\Program Files\Docker\Docker\resources\bin;C:\Program Files\apache-maven-3.9.9\bin;C:\Program Files\Java\jdk-17.0.2;C:\Program Files\nodejs\;C:\Program Files\nodejs\node_modules;C:\Program Files (x86)\Microsoft\Edge\Application;C:\Program Files\MySQL\MySQL Shell 8.0\bin\;C:\Users\skg03\AppData\Local\Microsoft\WindowsApps;C:\Users\skg03\AppData\Local\Programs\Microsoft VS Code\bin;C:\Users\skg03\AppData\Roaming\npm;."/>
    <property name="java.vm.info" value="mixed mode, sharing"/>
    <property name="java.vendor" value="Oracle Corporation"/>
    <property name="java.vm.version" value="17.0.2+8-LTS-86"/>
    <property name="sun.io.unicode.encoding" value="UnicodeLittle"/>
    <property name="java.class.version" value="61.0"/>
  </properties>
  <testcase name="Test the successful creation of new customer" classname="Customer Feature of OpenCart Admin" time="15.486">
    <system-out><![CDATA[
@positive
Scenario: Test the successful creation of new customer                                                       # src/test/resources/features/Customers.feature:14
 INFO [main] (StepDefinitions.java:63)- *************** Launching browser **************
  Given User launches the chrome browser                                                                     # stepDefinitions.StepDefinitions.launchChromeBrowser()
 INFO [main] (StepDefinitions.java:68)- *************** Opening Url **************
  And User opens OpenCart Ecommerce - Admin Application using "http://localhost:8080/opencart/upload/admin/" # stepDefinitions.StepDefinitions.launch_OpenCart_AdminApplication(java.lang.String)
  When User enters username as "admin" and password as "admin"                                               # stepDefinitions.StepDefinitions.setUsername_And_Password(java.lang.String,java.lang.String)
 INFO [main] (StepDefinitions.java:85)- *************** Logging In **************
  And User clicks on login button                                                                            # stepDefinitions.StepDefinitions.clickLoginBtn()
 INFO [main] (StepDefinitions.java:93)- *************** Checking Title of the Page **************
  Then Title of the page should be "Dashboard"                                                               # stepDefinitions.StepDefinitions.checkTitleOfPage(java.lang.String)
  When User click on Customer DropDown                                                                       # stepDefinitions.StepDefinitions.clickOnCustomerDropdown()
  And User clicks on Customers option from dropdown                                                          # stepDefinitions.StepDefinitions.clickOnCustomersOptionFromDropdown()
 INFO [main] (StepDefinitions.java:93)- *************** Checking Title of the Page **************
  Then Title of the page should be "Customers"                                                               # stepDefinitions.StepDefinitions.checkTitleOfPage(java.lang.String)
  When User clicks on Add Customer button                                                                    # stepDefinitions.StepDefinitions.clickOnAddCutomerButton()
 INFO [main] (StepDefinitions.java:132)- *************** Adding  new Customer details **************
  And User enters new customer details                                                                       # stepDefinitions.StepDefinitions.user_enters_new_customer_details()
  And User clicks on save button                                                                             # stepDefinitions.StepDefinitions.clickOnSaveButton()
  Then User can see confirmation message "Success: You have modified customers!"                             # stepDefinitions.StepDefinitions.checkConfirmationMessage(java.lang.String)
 INFO [main] (StepDefinitions.java:56)- *************** Closing Browser **************
]]></system-out>
  </testcase>
  <testcase name="Test the customer filter functionality using customer name field" classname="Customer Feature of OpenCart Admin" time="19.912">
    <system-out><![CDATA[
@positive
Scenario: Test the customer filter functionality using customer name field                                   # src/test/resources/features/Customers.feature:21
 INFO [main] (StepDefinitions.java:63)- *************** Launching browser **************
  Given User launches the chrome browser                                                                     # stepDefinitions.StepDefinitions.launchChromeBrowser()
 INFO [main] (StepDefinitions.java:68)- *************** Opening Url **************
  And User opens OpenCart Ecommerce - Admin Application using "http://localhost:8080/opencart/upload/admin/" # stepDefinitions.StepDefinitions.launch_OpenCart_AdminApplication(java.lang.String)
  When User enters username as "admin" and password as "admin"                                               # stepDefinitions.StepDefinitions.setUsername_And_Password(java.lang.String,java.lang.String)
 INFO [main] (StepDefinitions.java:85)- *************** Logging In **************
  And User clicks on login button                                                                            # stepDefinitions.StepDefinitions.clickLoginBtn()
 INFO [main] (StepDefinitions.java:93)- *************** Checking Title of the Page **************
  Then Title of the page should be "Dashboard"                                                               # stepDefinitions.StepDefinitions.checkTitleOfPage(java.lang.String)
  When User click on Customer DropDown                                                                       # stepDefinitions.StepDefinitions.clickOnCustomerDropdown()
  And User clicks on Customers option from dropdown                                                          # stepDefinitions.StepDefinitions.clickOnCustomersOptionFromDropdown()
 INFO [main] (StepDefinitions.java:93)- *************** Checking Title of the Page **************
  Then Title of the page should be "Customers"                                                               # stepDefinitions.StepDefinitions.checkTitleOfPage(java.lang.String)
  When User enters fullname in Customer Name field                                                           # stepDefinitions.StepDefinitions.enterNameInCustomerSearchField()
  And Clicks on filter button                                                                                # stepDefinitions.StepDefinitions.clickOnFilterButton()
 INFO [main] (StepDefinitions.java:190)- *************** Checking Customer details using fullname **************
  Then Customer name should be same as provided to filter the customer                                       # stepDefinitions.StepDefinitions.checkIfCustomerAvailableUsingName()
 INFO [main] (StepDefinitions.java:56)- *************** Closing Browser **************
]]></system-out>
  </testcase>
  <testcase name="Test the customer filter functionality using customer email field" classname="Customer Feature of OpenCart Admin" time="30.653">
    <system-out><![CDATA[
@positive
Scenario: Test the customer filter functionality using customer email field                                  # src/test/resources/features/Customers.feature:27
 INFO [main] (StepDefinitions.java:63)- *************** Launching browser **************
  Given User launches the chrome browser                                                                     # stepDefinitions.StepDefinitions.launchChromeBrowser()
 INFO [main] (StepDefinitions.java:68)- *************** Opening Url **************
  And User opens OpenCart Ecommerce - Admin Application using "http://localhost:8080/opencart/upload/admin/" # stepDefinitions.StepDefinitions.launch_OpenCart_AdminApplication(java.lang.String)
  When User enters username as "admin" and password as "admin"                                               # stepDefinitions.StepDefinitions.setUsername_And_Password(java.lang.String,java.lang.String)
 INFO [main] (StepDefinitions.java:85)- *************** Logging In **************
  And User clicks on login button                                                                            # stepDefinitions.StepDefinitions.clickLoginBtn()
 INFO [main] (StepDefinitions.java:93)- *************** Checking Title of the Page **************
  Then Title of the page should be "Dashboard"                                                               # stepDefinitions.StepDefinitions.checkTitleOfPage(java.lang.String)
  When User click on Customer DropDown                                                                       # stepDefinitions.StepDefinitions.clickOnCustomerDropdown()
  And User clicks on Customers option from dropdown                                                          # stepDefinitions.StepDefinitions.clickOnCustomersOptionFromDropdown()
 INFO [main] (StepDefinitions.java:93)- *************** Checking Title of the Page **************
  Then Title of the page should be "Customers"                                                               # stepDefinitions.StepDefinitions.checkTitleOfPage(java.lang.String)
  When User enters email in the E-mail field                                                                 # stepDefinitions.StepDefinitions.enterEmailInEmailSearchField()
  And Clicks on filter button                                                                                # stepDefinitions.StepDefinitions.clickOnFilterButton()
 INFO [main] (StepDefinitions.java:219)- *************** Checking Customer details using email **************
  Then Customer email should be same as email provided to filter the customer                                # stepDefinitions.StepDefinitions.checkIfCustomerAvailableUsingEmail()
 INFO [main] (StepDefinitions.java:56)- *************** Closing Browser **************
]]></system-out>
  </testcase>
  <testcase name="Test the successful deletion of customer" classname="Customer Feature of OpenCart Admin" time="19.809">
    <system-out><![CDATA[
@positive
Scenario: Test the successful deletion of customer                                                           # src/test/resources/features/Customers.feature:33
 INFO [main] (StepDefinitions.java:63)- *************** Launching browser **************
  Given User launches the chrome browser                                                                     # stepDefinitions.StepDefinitions.launchChromeBrowser()
 INFO [main] (StepDefinitions.java:68)- *************** Opening Url **************
  And User opens OpenCart Ecommerce - Admin Application using "http://localhost:8080/opencart/upload/admin/" # stepDefinitions.StepDefinitions.launch_OpenCart_AdminApplication(java.lang.String)
  When User enters username as "admin" and password as "admin"                                               # stepDefinitions.StepDefinitions.setUsername_And_Password(java.lang.String,java.lang.String)
 INFO [main] (StepDefinitions.java:85)- *************** Logging In **************
  And User clicks on login button                                                                            # stepDefinitions.StepDefinitions.clickLoginBtn()
 INFO [main] (StepDefinitions.java:93)- *************** Checking Title of the Page **************
  Then Title of the page should be "Dashboard"                                                               # stepDefinitions.StepDefinitions.checkTitleOfPage(java.lang.String)
  When User click on Customer DropDown                                                                       # stepDefinitions.StepDefinitions.clickOnCustomerDropdown()
  And User clicks on Customers option from dropdown                                                          # stepDefinitions.StepDefinitions.clickOnCustomersOptionFromDropdown()
 INFO [main] (StepDefinitions.java:93)- *************** Checking Title of the Page **************
  Then Title of the page should be "Customers"                                                               # stepDefinitions.StepDefinitions.checkTitleOfPage(java.lang.String)
  When User selects the customer to be deleted                                                               # stepDefinitions.StepDefinitions.user_selects_the_customer_to_be_deleted()
  And Click on delete button                                                                                 # stepDefinitions.StepDefinitions.click_on_delete_button()
  Then User can see confirmation message "Success: You have modified customers!"                             # stepDefinitions.StepDefinitions.checkConfirmationMessage(java.lang.String)
  And User should be deleted from the list of Customers                                                      # stepDefinitions.StepDefinitions.user_should_be_deleted_from_the_list_of_customers()
 INFO [main] (StepDefinitions.java:56)- *************** Closing Browser **************
]]></system-out>
  </testcase>
</testsuite>